[debug] [2021-09-24T16:31:55.652Z] ----------------------------------------------------------------------
[debug] [2021-09-24T16:31:55.654Z] Command:       C:\Program Files\nodejs\node.exe C:\Users\kanika\AppData\Roaming\npm\node_modules\firebase-tools\lib\bin\firebase.js init emulators
[debug] [2021-09-24T16:31:55.654Z] CLI Version:   9.18.0
[debug] [2021-09-24T16:31:55.654Z] Platform:      win32
[debug] [2021-09-24T16:31:55.654Z] Node Version:  v14.17.3
[debug] [2021-09-24T16:31:55.655Z] Time:          Fri Sep 24 2021 22:01:55 GMT+0530 (India Standard Time)
[debug] [2021-09-24T16:31:55.655Z] ----------------------------------------------------------------------
[debug] 
[debug] [2021-09-24T16:31:55.738Z] > command requires scopes: ["email","openid","https://www.googleapis.com/auth/cloudplatformprojects.readonly","https://www.googleapis.com/auth/firebase","https://www.googleapis.com/auth/cloud-platform"]
[debug] [2021-09-24T16:31:55.738Z] > authorizing via signed-in user (kanikagola26@gmail.com)
[info] 
     ######## #### ########  ######## ########     ###     ######  ########
     ##        ##  ##     ## ##       ##     ##  ##   ##  ##       ##
     ######    ##  ########  ######   ########  #########  ######  ######
     ##        ##  ##    ##  ##       ##     ## ##     ##       ## ##
     ##       #### ##     ## ######## ########  ##     ##  ######  ########

You're about to initialize a Firebase project in this directory:

  C:\Users\kanika\Downloads\amazon-clone

Before we get started, keep in mind:

  * You are initializing within an existing Firebase project directory

[info] 
=== Project Setup
[info] 
[info] First, let's associate this project directory with a Firebase project.
[info] You can create multiple project aliases by running firebase use --add, 
[info] but for now we'll just set up a default project.
[info] 
[info] i  .firebaserc already has a default project, using challenge-c2c10. 
[debug] [2021-09-24T16:31:59.221Z] >>> [apiv2][query] GET https://firebase.googleapis.com/v1beta1/projects/challenge-c2c10 [none]
[debug] [2021-09-24T16:31:59.915Z] <<< [apiv2][status] GET https://firebase.googleapis.com/v1beta1/projects/challenge-c2c10 200
[debug] [2021-09-24T16:31:59.915Z] <<< [apiv2][body] GET https://firebase.googleapis.com/v1beta1/projects/challenge-c2c10 {"projectId":"challenge-c2c10","projectNumber":"948865986468","displayName":"amazon-challenge","name":"projects/challenge-c2c10","resources":{"hostingSite":"challenge-c2c10"},"state":"ACTIVE"}
[info] 
=== Emulators Setup
